02-09 23:07:44 replicate_layout.action_replicate_layout 313:Plugin executed on: 'linux'
02-09 23:07:44 replicate_layout.action_replicate_layout 314:Plugin executed with python version: '3.8.10 (default, Nov 14 2022, 12:59:47) \n[GCC 9.4.0]'
02-09 23:07:44 replicate_layout.action_replicate_layout 315:KiCad build version: Unknown
02-09 23:07:44 replicate_layout.action_replicate_layout 316:Replicate layout plugin version: 74 started
02-09 23:07:44 replicate_layout.action_replicate_layout 329:All top level windows titles are:
pcbnew — /home/darijan/githubs/processor/processor2/4_lines_umemory.kicad_pcb


place footprints
place footprints
place footprints
place footprints
place footprints
place footprints
place footprints
place footprints
02-09 23:07:44 replicate_layout.action_replicate_layout 330:All top level windows objects are:
 <wx._core.Frame object at 0x7fb66a1cdf70>
<wx._core.Frame object at 0x7fb66a1cddc0>
<wx._core.Frame object at 0x7fb66a1cdf70>
<place_footprints.action_place_footprints.InitialDialog object at 0x7fb6757b61f0>
<place_footprints.action_place_footprints.PlaceBySheet object at 0x7fb6751908b0>
<place_footprints.action_place_footprints.InitialDialog object at 0x7fb675179a60>
<place_footprints.action_place_footprints.PlaceBySheet object at 0x7fb66a1f3a60>
<place_footprints.action_place_footprints.InitialDialog object at 0x7fb66a1f3700>
<place_footprints.action_place_footprints.PlaceByReference object at 0x7fb66a20daf0>
<place_footprints.action_place_footprints.InitialDialog object at 0x7fb66a20d790>
<place_footprints.action_place_footprints.PlaceBySheet object at 0x7fb66a20e9d0>
02-09 23:07:44 replicate_layout.action_replicate_layout 353:Preparing replicator with D1 as a reference
02-09 23:07:44 replicate_layout.replicatelayout 215:getting project hierarchy from schematics
02-09 23:07:44 replicate_layout.replicatelayout 217:Project hierarchy looks like:
{'63D9F597': ['Sheet63D9F596', '/home/darijan/githubs/processor/processor2/umemory_line.sch'], '63DAA923': ['sheet63DAA910', '/home/darijan/githubs/processor/processor2/umemory_line.sch'], '63DBEAA4': ['sheet63DBEA91', '/home/darijan/githubs/processor/processor2/umemory_line.sch'], '63DB6C70': ['sheet63DB6C5D', '/home/darijan/githubs/processor/processor2/umemory_line.sch'], '63E06B91': ['Sheet63E06B90', '/home/darijan/githubs/processor/processor2/led.sch'], '63E078BC': ['sheet63E078B9', '/home/darijan/githubs/processor/processor2/led.sch'], '63E08376': ['sheet63E08373', '/home/darijan/githubs/processor/processor2/led.sch'], '63E08DF4': ['sheet63E08DF1', '/home/darijan/githubs/processor/processor2/led.sch']}
02-09 23:07:44 replicate_layout.replicatelayout 225:getting a list of all footprints on board
02-09 23:07:44 replicate_layout.action_replicate_layout 379:source anchor footprint is 'D1'
Located on:['Sheet63E06B90']
With filenames:['led.sch']
With sheet_id:['Sheet63E06B90']
02-09 23:07:44 replicate_layout.action_replicate_layout 384:Corresponding footprints are 
[('D1', ['Sheet63E06B90']), ('D2', ['sheet63E078B9']), ('D3', ['sheet63E08373']), ('D4', ['sheet63E08DF1'])]
02-09 23:07:44 replicate_layout.action_replicate_layout 397:Showing dialog
02-09 23:07:44 replicate_layout.replicatelayout 249:construcing a list of sheets suitable for replication on level:'Sheet63E06B90', file:'led.sch'
02-09 23:07:44 replicate_layout.replicatelayout 256:Source sheet path up to the level:['Sheet63E06B90']
02-09 23:07:44 replicate_layout.replicatelayout 260:Footprints on the sheets:
['D1', 'D2', 'D3', 'D4']
02-09 23:07:44 replicate_layout.replicatelayout 263:Footprints raw sheet ids:
['/63E06B91/63B9532C', '/63E078BC/63B9532C', '/63E08376/63B9532C', '/63E08DF4/63B9532C']
02-09 23:07:44 replicate_layout.replicatelayout 279:All sheets to replicate:
[['Sheet63E06B90'], ['sheet63E078B9'], ['sheet63E08373'], ['sheet63E08DF1']]
02-09 23:07:44 replicate_layout.replicatelayout 284:All sheets to replicate sorted:
[['Sheet63E06B90'], ['sheet63E078B9'], ['sheet63E08373'], ['sheet63E08DF1']]
02-09 23:07:44 replicate_layout.replicatelayout 290:All sheets to replicate sorted and without source sheet:
[['sheet63E078B9'], ['sheet63E08373'], ['sheet63E08DF1']]
02-09 23:07:45 replicate_layout.action_replicate_layout 401:Pcbnew position: wx.Point(0, 27)
02-09 23:07:45 replicate_layout.action_replicate_layout 407:Display 0: wx.Rect(0, 0, 1920, 1080)
02-09 23:07:45 replicate_layout.action_replicate_layout 411:Toolbar position: wx.Point(1681, 165)
02-09 23:07:45 replicate_layout.action_replicate_layout 418:Dialog position: wx.Point(1368, 165)
02-09 23:07:47 replicate_layout.replicatelayout 249:construcing a list of sheets suitable for replication on level:'Sheet63E06B90', file:'led.sch'
02-09 23:07:47 replicate_layout.replicatelayout 256:Source sheet path up to the level:['Sheet63E06B90']
02-09 23:07:47 replicate_layout.replicatelayout 260:Footprints on the sheets:
['D1', 'D2', 'D3', 'D4']
02-09 23:07:47 replicate_layout.replicatelayout 263:Footprints raw sheet ids:
['/63E06B91/63B9532C', '/63E078BC/63B9532C', '/63E08376/63B9532C', '/63E08DF4/63B9532C']
02-09 23:07:47 replicate_layout.replicatelayout 279:All sheets to replicate:
[['Sheet63E06B90'], ['sheet63E078B9'], ['sheet63E08373'], ['sheet63E08DF1']]
02-09 23:07:47 replicate_layout.replicatelayout 284:All sheets to replicate sorted:
[['Sheet63E06B90'], ['sheet63E078B9'], ['sheet63E08373'], ['sheet63E08DF1']]
02-09 23:07:47 replicate_layout.replicatelayout 290:All sheets to replicate sorted and without source sheet:
[['sheet63E078B9'], ['sheet63E08373'], ['sheet63E08DF1']]
02-09 23:07:47 replicate_layout.action_replicate_layout 186:Replicating layout
02-09 23:07:47 replicate_layout.replicatelayout 999:Starting replication of sheets: [['sheet63E078B9'], ['sheet63E08373'], ['sheet63E08DF1']]
on level: ['Sheet63E06B90']
with tracks=True, zone=True, text=True, containing=True, remove=False, locked=False
02-09 23:07:47 root 269:updating GUI message: 'Preparing for replication'
02-09 23:07:47 root 274:updating GUI with: 0
02-09 23:07:47 replicate_layout.replicatelayout 556:Getting the list of source footprints
02-09 23:07:47 root 274:updating GUI with: 0
02-09 23:07:47 replicate_layout.replicatelayout 560:Getting the list of all the remaining footprints
02-09 23:07:47 replicate_layout.replicatelayout 564:Getting nets local to source footprints
02-09 23:07:47 replicate_layout.replicatelayout 568:Getting source bounding box
02-09 23:07:47 root 274:updating GUI with: 37
02-09 23:07:47 replicate_layout.replicatelayout 572:Getting source tracks
02-09 23:07:47 root 274:updating GUI with: 50
02-09 23:07:47 replicate_layout.replicatelayout 576:Getting source zones
02-09 23:07:47 replicate_layout.replicatelayout 580:Getting source text items
02-09 23:07:47 replicate_layout.replicatelayout 584:Getting source text items
02-09 23:07:47 root 269:updating GUI message: 'Replicating footprints'
02-09 23:07:47 replicate_layout.replicatelayout 590:Replicating footprints
02-09 23:07:47 root 274:updating GUI with: 0
02-09 23:07:47 replicate_layout.replicatelayout 596:Replicating footprints on sheet ['sheet63E078B9']
02-09 23:07:47 replicate_layout.replicatelayout 596:Replicating footprints on sheet ['sheet63E08373']
02-09 23:07:47 replicate_layout.replicatelayout 596:Replicating footprints on sheet ['sheet63E08DF1']
02-09 23:07:47 root 269:updating GUI message: 'Replicating tracks'
02-09 23:07:47 replicate_layout.replicatelayout 720:Replicating tracks
02-09 23:07:47 root 274:updating GUI with: 0
02-09 23:07:47 replicate_layout.replicatelayout 726:Replicating tracks on sheet ['sheet63E078B9']
02-09 23:07:47 root 274:updating GUI with: 33
02-09 23:07:47 replicate_layout.replicatelayout 726:Replicating tracks on sheet ['sheet63E08373']
02-09 23:07:47 replicate_layout.replicatelayout 726:Replicating tracks on sheet ['sheet63E08DF1']
02-09 23:07:47 root 269:updating GUI message: 'Replicating zones'
02-09 23:07:47 replicate_layout.replicatelayout 771:Replicating zones
02-09 23:07:47 root 274:updating GUI with: 0
02-09 23:07:47 replicate_layout.replicatelayout 778:Replicating zones on sheet ['sheet63E078B9']
02-09 23:07:47 replicate_layout.replicatelayout 778:Replicating zones on sheet ['sheet63E08373']
02-09 23:07:47 replicate_layout.replicatelayout 778:Replicating zones on sheet ['sheet63E08DF1']
02-09 23:07:47 root 269:updating GUI message: 'Replicating text'
02-09 23:07:47 replicate_layout.replicatelayout 837:Replicating text
02-09 23:07:47 replicate_layout.replicatelayout 844:Replicating text on sheet ['sheet63E078B9']
02-09 23:07:47 replicate_layout.replicatelayout 844:Replicating text on sheet ['sheet63E08373']
02-09 23:07:47 replicate_layout.replicatelayout 844:Replicating text on sheet ['sheet63E08DF1']
02-09 23:07:47 root 269:updating GUI message: 'Replicating drawings'
02-09 23:07:47 replicate_layout.replicatelayout 868:Replicating drawings
02-09 23:07:47 root 274:updating GUI with: 0
02-09 23:07:47 replicate_layout.replicatelayout 874:Replicating drawings on sheet ['sheet63E078B9']
02-09 23:07:47 replicate_layout.replicatelayout 874:Replicating drawings on sheet ['sheet63E08373']
02-09 23:07:47 replicate_layout.replicatelayout 874:Replicating drawings on sheet ['sheet63E08DF1']
02-09 23:07:47 replicate_layout.action_replicate_layout 209:Replication complete
